2018-08-01, 22:02:53.833 [Warning] [                                                         0] window == 0 passed.
2018-08-01, 22:03:12.762 [Debug  ] [startupnotificationmonitor.cpp monitor_event_func                  51] startup notification initiated:  i3/dmenu_run/4599-2-karma_TIME1729944
2018-08-01, 22:03:33.468 [Warning] [                                                         0] window == 0 passed.
2018-08-01, 22:03:48.026 [Warning] [                                                         0] window == 0 passed.
2018-08-01, 22:03:53.751 [Warning] [                                                         0] window == 0 passed.
2018-08-01, 22:03:57.466 [Warning] [                                                         0] window == 0 passed.
2018-08-01, 22:04:12.763 [Debug  ] [startupnotificationmonitor.cpp monitor_event_func                  59] startup notification completed:  i3/dmenu_run/4599-2-karma_TIME1729944
2018-08-01, 22:05:55.897 [Debug  ] [startupnotificationmonitor.cpp monitor_event_func                  51] startup notification initiated:  i3/i3-sensible-terminal/4599-3-karma_TIME1892476
2018-08-01, 22:05:56.240 [Debug  ] [startupnotificationmonitor.cpp monitor_event_func                  59] startup notification completed:  i3/i3-sensible-terminal/4599-3-karma_TIME1892476
2018-08-01, 22:08:41.535 [Warning] [                                                         0] window == 0 passed.
2018-08-01, 22:08:41.535 [Warning] [                                                         0] window == 0 passed.
2018-08-01, 22:08:43.802 [Warning] [                                                         0] window == 0 passed.
2018-08-01, 22:09:32.102 [Warning] [                                                         0] window == 0 passed.
2018-08-01, 22:17:59.938 [Debug  ] [startupnotificationmonitor.cpp monitor_event_func                  51] startup notification initiated:  i3/i3-sensible-terminal/4599-0-karma_TIME2616517
2018-08-01, 22:18:00.249 [Debug  ] [startupnotificationmonitor.cpp monitor_event_func                  59] startup notification completed:  i3/i3-sensible-terminal/4599-0-karma_TIME2616517
2018-08-01, 22:28:59.641 [Debug  ] [startupnotificationmonitor.cpp monitor_event_func                  51] startup notification initiated:  i3/i3-sensible-terminal/4599-1-karma_TIME3276221
2018-08-01, 22:28:59.994 [Debug  ] [startupnotificationmonitor.cpp monitor_event_func                  59] startup notification completed:  i3/i3-sensible-terminal/4599-1-karma_TIME3276221
2018-08-04, 04:01:46.950 [Warning] [                                                         0] window == 0 passed.
2018-08-04, 04:03:43.827 [Warning] [                                                         0] window == 0 passed.
2018-08-04, 04:05:36.112 [Debug  ] [startupnotificationmonitor.cpp monitor_event_func                  51] startup notification initiated:  i3/i3-nagbar/724-1-karma_TIME321916
2018-08-04, 04:05:47.935 [Debug  ] [startupnotificationmonitor.cpp monitor_event_func                  59] startup notification completed:  i3/i3-nagbar/724-1-karma_TIME321916
2018-08-04, 04:05:48.040 [Warning] [                                                         0] The X11 connection broke (error 1). Did the X11 server die?
